<?xml version="1.0" encoding="UTF-8"?>
<coverage generated="1560853793390" clover="3.2.0">
  <project timestamp="1560853793390" name="All files">
    <metrics statements="117" coveredstatements="115" conditionals="41" coveredconditionals="35" methods="33" coveredmethods="31" elements="191" coveredelements="181" complexity="0" loc="117" ncloc="117" packages="1" files="4" classes="4"/>
    <file name="index.ts" path="/Users/mac/code/xlsx-ts-json/src/index.ts">
      <metrics statements="30" coveredstatements="30" conditionals="2" coveredconditionals="2" methods="9" coveredmethods="9"/>
      <line num="1" count="1" type="stmt"/>
      <line num="2" count="1" type="stmt"/>
      <line num="4" count="1" type="stmt"/>
      <line num="5" count="1" type="stmt"/>
      <line num="10" count="1" type="stmt"/>
      <line num="11" count="3" type="stmt"/>
      <line num="12" count="3" type="stmt"/>
      <line num="13" count="3" type="stmt"/>
      <line num="15" count="3" type="stmt"/>
      <line num="18" count="3" type="stmt"/>
      <line num="21" count="1" type="stmt"/>
      <line num="22" count="1" type="stmt"/>
      <line num="23" count="1" type="stmt"/>
      <line num="28" count="1" type="stmt"/>
      <line num="29" count="1" type="stmt"/>
      <line num="30" count="1" type="stmt"/>
      <line num="31" count="2" type="stmt"/>
      <line num="32" count="2" type="stmt"/>
      <line num="34" count="2" type="stmt"/>
      <line num="35" count="26" type="stmt"/>
      <line num="36" count="1" type="stmt"/>
      <line num="37" count="2" type="stmt"/>
      <line num="38" count="26" type="stmt"/>
      <line num="39" count="1" type="stmt"/>
      <line num="41" count="2" type="stmt"/>
      <line num="44" count="2" type="stmt"/>
      <line num="47" count="1" type="stmt"/>
      <line num="48" count="1" type="stmt"/>
      <line num="51" count="2" type="stmt"/>
      <line num="54" count="1" type="stmt"/>
    </file>
    <file name="models.ts" path="/Users/mac/code/xlsx-ts-json/src/models.ts">
      <metrics statements="8" coveredstatements="8" conditionals="2" coveredconditionals="2" methods="1" coveredmethods="1"/>
      <line num="19" count="1" type="cond" truecount="2" falsecount="0"/>
      <line num="20" count="1" type="stmt"/>
      <line num="21" count="1" type="stmt"/>
      <line num="22" count="1" type="stmt"/>
      <line num="23" count="1" type="stmt"/>
      <line num="24" count="1" type="stmt"/>
      <line num="25" count="1" type="stmt"/>
      <line num="26" count="1" type="stmt"/>
    </file>
    <file name="util.ts" path="/Users/mac/code/xlsx-ts-json/src/util.ts">
      <metrics statements="31" coveredstatements="29" conditionals="16" coveredconditionals="12" methods="10" coveredmethods="8"/>
      <line num="1" count="1" type="stmt"/>
      <line num="3" count="1" type="stmt"/>
      <line num="4" count="1" type="stmt"/>
      <line num="5" count="1" type="stmt"/>
      <line num="10" count="1" type="stmt"/>
      <line num="11" count="18" type="stmt"/>
      <line num="12" count="18" type="stmt"/>
      <line num="13" count="18" type="stmt"/>
      <line num="14" count="18" type="stmt"/>
      <line num="15" count="18" type="stmt"/>
      <line num="31" count="6" type="cond" truecount="1" falsecount="1"/>
      <line num="33" count="6" type="stmt"/>
      <line num="35" count="6" type="stmt"/>
      <line num="39" count="6" type="stmt"/>
      <line num="42" count="6" type="stmt"/>
      <line num="43" count="6" type="stmt"/>
      <line num="45" count="6" type="stmt"/>
      <line num="52" count="1" type="stmt"/>
      <line num="53" count="3" type="stmt"/>
      <line num="56" count="1" type="stmt"/>
      <line num="57" count="1" type="stmt"/>
      <line num="58" count="1" type="stmt"/>
      <line num="59" count="4" type="stmt"/>
      <line num="60" count="4" type="cond" truecount="1" falsecount="1"/>
      <line num="62" count="1" type="stmt"/>
      <line num="64" count="4" type="stmt"/>
      <line num="67" count="1" type="stmt"/>
      <line num="68" count="0" type="cond" truecount="0" falsecount="2"/>
      <line num="69" count="1" type="stmt"/>
      <line num="70" count="0" type="stmt"/>
      <line num="72" count="1" type="stmt"/>
    </file>
    <file name="workBook.ts" path="/Users/mac/code/xlsx-ts-json/src/workBook.ts">
      <metrics statements="48" coveredstatements="48" conditionals="21" coveredconditionals="19" methods="13" coveredmethods="13"/>
      <line num="2" count="1" type="stmt"/>
      <line num="5" count="1" type="stmt"/>
      <line num="6" count="1" type="stmt"/>
      <line num="13" count="3" type="stmt"/>
      <line num="14" count="44" type="stmt"/>
      <line num="16" count="18" type="stmt"/>
      <line num="17" count="18" type="stmt"/>
      <line num="18" count="18" type="stmt"/>
      <line num="20" count="18" type="stmt"/>
      <line num="33" count="3" type="stmt"/>
      <line num="39" count="48" type="cond" truecount="2" falsecount="0"/>
      <line num="42" count="48" type="cond" truecount="2" falsecount="0"/>
      <line num="43" count="3" type="stmt"/>
      <line num="44" count="45" type="cond" truecount="2" falsecount="0"/>
      <line num="45" count="30" type="stmt"/>
      <line num="46" count="15" type="cond" truecount="2" falsecount="0"/>
      <line num="51" count="6" type="stmt"/>
      <line num="56" count="6" type="stmt"/>
      <line num="61" count="6" type="stmt"/>
      <line num="63" count="9" type="stmt"/>
      <line num="65" count="48" type="stmt"/>
      <line num="78" count="3" type="stmt"/>
      <line num="79" count="8" type="stmt"/>
      <line num="81" count="8" type="stmt"/>
      <line num="82" count="48" type="stmt"/>
      <line num="83" count="48" type="stmt"/>
      <line num="84" count="48" type="stmt"/>
      <line num="85" count="48" type="stmt"/>
      <line num="86" count="48" type="cond" truecount="2" falsecount="0"/>
      <line num="87" count="40" type="stmt"/>
      <line num="89" count="48" type="stmt"/>
      <line num="91" count="8" type="stmt"/>
      <line num="102" count="3" type="stmt"/>
      <line num="105" count="3" type="stmt"/>
      <line num="108" count="3" type="stmt"/>
      <line num="109" count="44" type="stmt"/>
      <line num="111" count="3" type="stmt"/>
      <line num="112" count="3" type="stmt"/>
      <line num="113" count="38" type="stmt"/>
      <line num="118" count="3" type="stmt"/>
      <line num="130" count="1" type="stmt"/>
      <line num="134" count="3" type="stmt"/>
      <line num="136" count="3" type="stmt"/>
      <line num="137" count="3" type="stmt"/>
      <line num="138" count="3" type="stmt"/>
      <line num="141" count="3" type="stmt"/>
      <line num="144" count="3" type="stmt"/>
      <line num="146" count="3" type="stmt"/>
    </file>
  </project>
</coverage>
