TN:
SF:/Users/mac/code/xlsx-ts-json/src/index.ts
FN:10,parse
FN:28,getData
FN:30,(anonymous_2)
FN:31,(anonymous_3)
FN:35,(anonymous_4)
FN:36,(anonymous_5)
FN:38,(anonymous_6)
FN:39,(anonymous_7)
FN:46,(anonymous_8)
FNF:9
FNH:9
FNDA:3,parse
FNDA:1,getData
FNDA:2,(anonymous_2)
FNDA:2,(anonymous_3)
FNDA:26,(anonymous_4)
FNDA:1,(anonymous_5)
FNDA:26,(anonymous_6)
FNDA:1,(anonymous_7)
FNDA:1,(anonymous_8)
DA:1,1
DA:2,1
DA:4,1
DA:5,1
DA:10,1
DA:11,3
DA:12,3
DA:13,3
DA:15,3
DA:18,3
DA:21,1
DA:22,1
DA:23,1
DA:28,1
DA:29,1
DA:30,1
DA:31,2
DA:32,2
DA:34,2
DA:35,26
DA:36,1
DA:37,2
DA:38,26
DA:39,1
DA:41,2
DA:44,2
DA:47,1
DA:48,1
DA:51,2
DA:54,1
LF:30
LH:30
BRDA:45,0,0,1
BRDA:45,0,1,1
BRF:2
BRH:2
end_of_record
TN:
SF:/Users/mac/code/xlsx-ts-json/src/models.ts
FN:19,(anonymous_0)
FNF:1
FNH:1
FNDA:1,(anonymous_0)
DA:19,1
DA:20,1
DA:21,1
DA:22,1
DA:23,1
DA:24,1
DA:25,1
DA:26,1
LF:8
LH:8
BRDA:19,0,0,1
BRDA:19,0,1,1
BRF:2
BRH:2
end_of_record
TN:
SF:/Users/mac/code/xlsx-ts-json/src/util.ts
FN:10,getTypeByColKey
FN:31,getLocalDate
FN:52,toUpperCamelCase
FN:53,(anonymous_3)
FN:56,getXlsxFiles
FN:58,(anonymous_5)
FN:64,(anonymous_6)
FN:67,(anonymous_7)
FN:68,Logger
FN:69,(anonymous_9)
FNF:10
FNH:8
FNDA:18,getTypeByColKey
FNDA:6,getLocalDate
FNDA:3,toUpperCamelCase
FNDA:3,(anonymous_3)
FNDA:1,getXlsxFiles
FNDA:4,(anonymous_5)
FNDA:4,(anonymous_6)
FNDA:1,(anonymous_7)
FNDA:0,Logger
FNDA:0,(anonymous_9)
DA:1,1
DA:3,1
DA:4,1
DA:5,1
DA:10,1
DA:11,18
DA:12,18
DA:13,18
DA:14,18
DA:15,18
DA:31,6
DA:33,6
DA:35,6
DA:39,6
DA:42,6
DA:43,6
DA:45,6
DA:52,1
DA:53,3
DA:56,1
DA:57,1
DA:58,1
DA:59,4
DA:60,4
DA:62,1
DA:64,4
DA:67,1
DA:68,0
DA:69,1
DA:70,0
DA:72,1
LF:31
LH:29
BRDA:16,0,0,3
BRDA:16,0,1,15
BRDA:18,1,0,3
BRDA:18,1,1,12
BRDA:20,2,0,3
BRDA:20,2,1,9
BRDA:22,3,0,3
BRDA:22,3,1,6
BRDA:31,4,0,0
BRDA:31,4,1,6
BRDA:36,5,0,2
BRDA:36,5,1,4
BRDA:60,6,0,0
BRDA:60,6,1,4
BRDA:68,7,0,0
BRDA:68,7,1,0
BRF:16
BRH:12
end_of_record
TN:
SF:/Users/mac/code/xlsx-ts-json/src/workBook.ts
FN:12,getColsInfo
FN:14,(anonymous_1)
FN:15,(anonymous_2)
FN:32,getRowCount
FN:38,getCellValue
FN:73,getGrouped
FN:78,(anonymous_6)
FN:81,(anonymous_7)
FN:100,getSheetInfo
FN:108,(anonymous_9)
FN:112,(anonymous_10)
FN:130,getSheetMap
FN:136,(anonymous_12)
FNF:13
FNH:13
FNDA:3,getColsInfo
FNDA:44,(anonymous_1)
FNDA:18,(anonymous_2)
FNDA:3,getRowCount
FNDA:48,getCellValue
FNDA:3,getGrouped
FNDA:8,(anonymous_6)
FNDA:48,(anonymous_7)
FNDA:3,getSheetInfo
FNDA:44,(anonymous_9)
FNDA:38,(anonymous_10)
FNDA:3,getSheetMap
FNDA:3,(anonymous_12)
DA:2,1
DA:5,1
DA:6,1
DA:13,3
DA:14,44
DA:16,18
DA:17,18
DA:18,18
DA:20,18
DA:33,3
DA:39,48
DA:42,48
DA:43,3
DA:44,45
DA:45,30
DA:46,15
DA:51,6
DA:56,6
DA:61,6
DA:63,9
DA:65,48
DA:78,3
DA:79,8
DA:81,8
DA:82,48
DA:83,48
DA:84,48
DA:85,48
DA:86,48
DA:87,40
DA:89,48
DA:91,8
DA:102,3
DA:105,3
DA:108,3
DA:109,44
DA:111,3
DA:112,3
DA:113,38
DA:118,3
DA:130,1
DA:134,3
DA:136,3
DA:137,3
DA:138,3
DA:141,3
DA:144,3
DA:146,3
LF:48
LH:48
BRDA:34,0,0,3
BRDA:34,0,1,0
BRDA:39,1,0,18
BRDA:39,1,1,30
BRDA:42,2,0,3
BRDA:42,2,1,45
BRDA:44,3,0,30
BRDA:44,3,1,15
BRDA:46,4,0,6
BRDA:46,4,1,9
BRDA:47,5,0,15
BRDA:47,5,1,13
BRDA:47,5,2,11
BRDA:57,6,0,2
BRDA:57,6,1,4
BRDA:59,7,0,2
BRDA:59,7,1,2
BRDA:86,8,0,40
BRDA:86,8,1,8
BRDA:142,9,0,3
BRDA:142,9,1,0
BRF:21
BRH:19
end_of_record
